<?xml version="1.0" encoding="utf-8"?><testsuites name="pytest tests"><testsuite name="pytest" errors="0" failures="0" skipped="0" tests="19" time="7.611" timestamp="2026-05-28T02:52:47.491932+00:00" hostname="agent-env-00e240eb-eb8d-45b9-99dd-e64f1eee7edd"><testcase classname="backend.tests.test_new_features.TestWithdrawals" name="test_e_wallet_withdraw" time="1.063" /><testcase classname="backend.tests.test_new_features.TestWithdrawals" name="test_bank_transfer_withdraw" time="0.250" /><testcase classname="backend.tests.test_new_features.TestWithdrawals" name="test_solana_withdraw" time="0.333" /><testcase classname="backend.tests.test_new_features.TestWithdrawals" name="test_old_method_rejected" time="0.633" /><testcase classname="backend.tests.test_new_features.TestWithdrawals" name="test_e_wallet_missing_account_number" time="0.104" /><testcase classname="backend.tests.test_new_features.TestWithdrawals" name="test_bank_transfer_missing_holder" time="0.103" /><testcase classname="backend.tests.test_new_features.TestWithdrawals" name="test_admin_view_withdrawal_and_seller_403" time="0.457" /><testcase classname="backend.tests.test_new_features.TestWithdrawals" name="test_approve_creates_withdrawal_approved_txn" time="0.429" /><testcase classname="backend.tests.test_new_features.TestWithdrawals" name="test_reject_returns_funds" time="0.680" /><testcase classname="backend.tests.test_new_features.TestWalletTransactions" name="test_only_visible_types" time="0.888" /><testcase classname="backend.tests.test_new_features.TestStock" name="test_stock_decrement_and_restore" time="0.818" /><testcase classname="backend.tests.test_new_features.TestFeedback" name="test_admin_add_feedback" time="0.112" /><testcase classname="backend.tests.test_new_features.TestFeedback" name="test_seller_cannot_post_feedback" time="0.122" /><testcase classname="backend.tests.test_new_features.TestFeedback" name="test_seller_lists_own_feedback" time="0.109" /><testcase classname="backend.tests.test_new_features.TestFeedback" name="test_feedback_stats" time="0.116" /><testcase classname="backend.tests.test_new_features.TestFeedback" name="test_admin_lists_seller_feedback" time="0.107" /><testcase classname="backend.tests.test_new_features.TestFeedback" name="test_admin_delete_feedback" time="0.213" /><testcase classname="backend.tests.test_new_features.TestListingDelete" name="test_active_archives_then_hard_delete" time="0.540" /><testcase classname="backend.tests.test_new_features.TestWalletAdjust" name="test_adjust_increases_and_logs" time="0.440" /></testsuite></testsuites>