<?xml version="1.0" encoding="utf-8"?><testsuites name="pytest tests"><testsuite name="pytest" errors="0" failures="0" skipped="0" tests="28" time="266.627" timestamp="2026-05-27T02:46:28.616099+00:00" hostname="agent-env-c5386b9d-4c8b-4889-b95e-7220e46fab1b"><testcase classname="backend.tests.test_p1_p2_features.TestPagination" name="test_listings_pagination" time="0.671" /><testcase classname="backend.tests.test_p1_p2_features.TestPagination" name="test_orders_pagination" time="0.109" /><testcase classname="backend.tests.test_p1_p2_features.TestPagination" name="test_withdrawals_pagination" time="0.167" /><testcase classname="backend.tests.test_p1_p2_features.TestPagination" name="test_notifications_pagination" time="0.143" /><testcase classname="backend.tests.test_p1_p2_features.TestPagination" name="test_admin_sellers_pagination" time="0.121" /><testcase classname="backend.tests.test_p1_p2_features.TestPagination" name="test_admin_activity_logs_pagination" time="0.107" /><testcase classname="backend.tests.test_p1_p2_features.TestAnalytics" name="test_analytics_default_14_days" time="0.111" /><testcase classname="backend.tests.test_p1_p2_features.TestAnalytics" name="test_analytics_7_days" time="0.116" /><testcase classname="backend.tests.test_p1_p2_features.TestAnalytics" name="test_analytics_30_days" time="0.117" /><testcase classname="backend.tests.test_p1_p2_features.TestAnalytics" name="test_analytics_seller_forbidden" time="2.445" /><testcase classname="backend.tests.test_p1_p2_features.Test2FA" name="test_2fa_setup_returns_secret_and_uri" time="3.479" /><testcase classname="backend.tests.test_p1_p2_features.Test2FA" name="test_2fa_enable_wrong_password" time="0.340" /><testcase classname="backend.tests.test_p1_p2_features.Test2FA" name="test_2fa_enable_wrong_code" time="0.341" /><testcase classname="backend.tests.test_p1_p2_features.Test2FA" name="test_2fa_enable_success" time="0.397" /><testcase classname="backend.tests.test_p1_p2_features.Test2FA" name="test_me_includes_totp_enabled" time="0.112" /><testcase classname="backend.tests.test_p1_p2_features.Test2FA" name="test_login_blocked_without_code" time="2.342" /><testcase classname="backend.tests.test_p1_p2_features.Test2FA" name="test_login_with_invalid_code" time="2.364" /><testcase classname="backend.tests.test_p1_p2_features.Test2FA" name="test_login_with_valid_code" time="2.339" /><testcase classname="backend.tests.test_p1_p2_features.Test2FA" name="test_2fa_enable_without_prior_setup_rejected" time="0.327" /><testcase classname="backend.tests.test_p1_p2_features.Test2FA" name="test_2fa_disable_wrong_code" time="0.333" /><testcase classname="backend.tests.test_p1_p2_features.Test2FA" name="test_2fa_disable_success" time="0.335" /><testcase classname="backend.tests.test_p1_p2_features.TestRateLimits" name="test_login_rate_limit_10_per_min" time="62.026" /><testcase classname="backend.tests.test_p1_p2_features.TestRateLimits" name="test_register_rate_limit_5_per_min" time="63.160" /><testcase classname="backend.tests.test_p1_p2_features.TestRateLimits" name="test_forgot_password_rate_limit_3_per_min" time="62.010" /><testcase classname="backend.tests.test_p1_p2_features.TestRateLimits" name="test_reset_password_rate_limit_5_per_min" time="62.012" /><testcase classname="backend.tests.test_p1_p2_features.TestRegressionSmoke" name="test_admin_me" time="0.255" /><testcase classname="backend.tests.test_p1_p2_features.TestRegressionSmoke" name="test_admin_stats" time="0.123" /><testcase classname="backend.tests.test_p1_p2_features.TestRegressionSmoke" name="test_seller_rbac_blocks_admin" time="0.125" /></testsuite></testsuites>