<?xml version="1.0" encoding="utf-8"?><testsuites name="pytest tests"><testsuite name="pytest" errors="0" failures="0" skipped="0" tests="39" time="2.164" timestamp="2026-05-27T02:52:05.663213+00:00" hostname="agent-env-c5386b9d-4c8b-4889-b95e-7220e46fab1b"><testcase classname="backend.tests.test_seller_hub_api" name="test_admin_login" time="0.229" /><testcase classname="backend.tests.test_seller_hub_api" name="test_register_seller" time="0.234" /><testcase classname="backend.tests.test_seller_hub_api" name="test_register_duplicate" time="0.003" /><testcase classname="backend.tests.test_seller_hub_api" name="test_login_invalid_credentials" time="0.225" /><testcase classname="backend.tests.test_seller_hub_api" name="test_auth_me_seller" time="0.004" /><testcase classname="backend.tests.test_seller_hub_api" name="test_auth_me_admin" time="0.003" /><testcase classname="backend.tests.test_seller_hub_api" name="test_auth_refresh" time="0.002" /><testcase classname="backend.tests.test_seller_hub_api" name="test_forgot_and_reset_password" time="0.460" /><testcase classname="backend.tests.test_seller_hub_api" name="test_seller_availability_online" time="0.006" /><testcase classname="backend.tests.test_seller_hub_api" name="test_seller_availability_offline_log" time="0.007" /><testcase classname="backend.tests.test_seller_hub_api" name="test_admin_cannot_set_availability" time="0.002" /><testcase classname="backend.tests.test_seller_hub_api" name="test_create_listing" time="0.007" /><testcase classname="backend.tests.test_seller_hub_api" name="test_seller_sees_only_own_listings" time="0.004" /><testcase classname="backend.tests.test_seller_hub_api" name="test_admin_sees_all_and_filter" time="0.004" /><testcase classname="backend.tests.test_seller_hub_api" name="test_update_listing_price_title_logs" time="0.008" /><testcase classname="backend.tests.test_seller_hub_api" name="test_upload_image_valid" time="0.230" /><testcase classname="backend.tests.test_seller_hub_api" name="test_upload_image_invalid_format" time="0.004" /><testcase classname="backend.tests.test_seller_hub_api" name="test_upload_max_3_images" time="0.363" /><testcase classname="backend.tests.test_seller_hub_api" name="test_delete_image_log" time="0.006" /><testcase classname="backend.tests.test_seller_hub_api" name="test_create_listing_for_order" time="0.004" /><testcase classname="backend.tests.test_seller_hub_api" name="test_checkout_seller_forbidden" time="0.002" /><testcase classname="backend.tests.test_seller_hub_api" name="test_admin_checkout" time="0.009" /><testcase classname="backend.tests.test_seller_hub_api" name="test_orders_visibility" time="0.020" /><testcase classname="backend.tests.test_seller_hub_api" name="test_chat_room_messages" time="0.012" /><testcase classname="backend.tests.test_seller_hub_api" name="test_complete_order" time="0.007" /><testcase classname="backend.tests.test_seller_hub_api" name="test_cancel_order_flow" time="0.022" /><testcase classname="backend.tests.test_seller_hub_api" name="test_wallet_withdraw_and_admin_action" time="0.009" /><testcase classname="backend.tests.test_seller_hub_api" name="test_wallet_withdraw_reject_refunds" time="0.020" /><testcase classname="backend.tests.test_seller_hub_api" name="test_wallet_seller_only" time="0.002" /><testcase classname="backend.tests.test_seller_hub_api" name="test_create_and_resolve_dispute" time="0.021" /><testcase classname="backend.tests.test_seller_hub_api" name="test_notifications_crud" time="0.009" /><testcase classname="backend.tests.test_seller_hub_api" name="test_notification_preferences" time="0.005" /><testcase classname="backend.tests.test_seller_hub_api" name="test_admin_stats" time="0.005" /><testcase classname="backend.tests.test_seller_hub_api" name="test_admin_list_sellers_and_filter" time="0.005" /><testcase classname="backend.tests.test_seller_hub_api" name="test_admin_adjust_rating" time="0.003" /><testcase classname="backend.tests.test_seller_hub_api" name="test_admin_set_notes" time="0.002" /><testcase classname="backend.tests.test_seller_hub_api" name="test_admin_activity_logs" time="0.004" /><testcase classname="backend.tests.test_seller_hub_api" name="test_rbac_seller_forbidden_admin_endpoints" time="0.006" /><testcase classname="backend.tests.test_seller_hub_api" name="test_delete_listing_logs" time="0.005" /></testsuite></testsuites>